\BOOKMARK [0][-]{Doc-Start}{\376\377\000A\000B\000S\000T\000R\000A\000C\000T}{}% 1
\BOOKMARK [0][-]{Doc-Start}{\376\377\000L\000I\000S\000T\000\040\000O\000F\000\040\000T\000A\000B\000L\000E\000S}{}% 2
\BOOKMARK [0][-]{Doc-Start}{\376\377\000L\000I\000S\000T\000\040\000O\000F\000\040\000F\000I\000G\000U\000R\000E\000S}{}% 3
\BOOKMARK [0][-]{Doc-Start}{\376\377\000A\000C\000K\000N\000O\000W\000L\000E\000D\000G\000M\000E\000N\000T\000S}{}% 4
\BOOKMARK [0][-]{Doc-Start}{\376\377\000C\000H\000A\000P\000T\000E\000R}{}% 5
\BOOKMARK [0][-]{chapter.1}{\376\377\000I\000N\000T\000R\000O\000D\000U\000C\000T\000I\000O\000N}{}% 6
\BOOKMARK [1][-]{section.1.1}{\376\377\000P\000r\000o\000b\000l\000e\000m\000\040\000S\000t\000a\000t\000e\000m\000e\000n\000t}{chapter.1}% 7
\BOOKMARK [1][-]{section.1.2}{\376\377\000L\000i\000t\000e\000r\000a\000t\000u\000r\000e\000\040\000R\000e\000v\000i\000e\000w}{chapter.1}% 8
\BOOKMARK [1][-]{section.1.3}{\376\377\000O\000b\000j\000e\000c\000t\000i\000v\000e\000s}{chapter.1}% 9
\BOOKMARK [0][-]{chapter.2}{\376\377\000M\000E\000T\000H\000O\000D\000S}{}% 10
\BOOKMARK [1][-]{section.2.1}{\376\377\000M\000o\000t\000i\000o\000n\000\040\000S\000i\000c\000k\000n\000e\000s\000s\000\040\000D\000e\000t\000e\000c\000t\000i\000o\000n\000\040\000w\000i\000t\000h\000\040\000C\000o\000n\000v\000o\000l\000u\000t\000i\000o\000n\000a\000l\000\040\000N\000e\000u\000r\000a\000l\000\040\000N\000e\000t\000w\000o\000r\000k\000s}{chapter.2}% 11
\BOOKMARK [2][-]{subsection.2.1.1}{\376\377\000D\000a\000t\000a\000s\000e\000t}{section.2.1}% 12
\BOOKMARK [2][-]{subsection.2.1.2}{\376\377\000N\000e\000t\000w\000o\000r\000k\000\040\000A\000r\000c\000h\000i\000t\000e\000c\000t\000u\000r\000e}{section.2.1}% 13
\BOOKMARK [2][-]{subsection.2.1.3}{\376\377\000T\000r\000a\000i\000n\000i\000n\000g}{section.2.1}% 14
\BOOKMARK [1][-]{section.2.2}{\376\377\000M\000o\000t\000i\000o\000n\000\040\000S\000i\000c\000k\000e\000n\000s\000s\000\040\000P\000r\000e\000v\000e\000n\000t\000i\000o\000n\000\040\000I\000n\000\040\000A\000n\000\040\000A\000p\000p\000l\000i\000c\000a\000t\000i\000o\000n\000\040\000w\000i\000t\000h\000\040\000V\000i\000g\000n\000e\000t\000t\000i\000n\000g\000,\000\040\000S\000n\000a\000p\000\040\000T\000u\000r\000n\000i\000n\000g\000,\000\040\000a\000n\000d\000\040\000U\000s\000e\000r\000\040\000W\000a\000r\000n\000i\000n\000g\000s}{chapter.2}% 15
\BOOKMARK [2][-]{subsection.2.2.1}{\376\377\000T\000h\000e\000\040\000E\000n\000v\000i\000r\000o\000n\000m\000e\000n\000t}{section.2.2}% 16
\BOOKMARK [2][-]{subsection.2.2.2}{\376\377\000V\000i\000g\000n\000e\000t\000t\000i\000n\000g}{section.2.2}% 17
\BOOKMARK [2][-]{subsection.2.2.3}{\376\377\000S\000n\000a\000p\000\040\000T\000u\000r\000n\000i\000n\000g}{section.2.2}% 18
\BOOKMARK [2][-]{subsection.2.2.4}{\376\377\000U\000s\000e\000r\000\040\000W\000a\000r\000n\000i\000n\000g\000s}{section.2.2}% 19
\BOOKMARK [1][-]{section.2.3}{\376\377\000M\000a\000r\000r\000y\000i\000n\000g\000\040\000D\000e\000t\000e\000c\000t\000i\000o\000n\000\040\000a\000n\000d\000\040\000P\000r\000e\000v\000e\000n\000t\000i\000o\000n}{chapter.2}% 20
\BOOKMARK [2][-]{subsection.2.3.1}{\376\377\000P\000u\000l\000l\000i\000n\000g\000\040\000t\000h\000e\000\040\000n\000e\000c\000e\000s\000s\000a\000r\000y\000\040\000d\000a\000t\000a\000\040\000f\000o\000r\000\040\000i\000n\000f\000e\000r\000e\000n\000c\000e}{section.2.3}% 21
\BOOKMARK [2][-]{subsection.2.3.2}{\376\377\000L\000o\000a\000d\000i\000n\000g\000\040\000t\000h\000e\000\040\000M\000o\000d\000e\000l\000\040\000i\000n\000\040\000U\000n\000i\000t\000y}{section.2.3}% 22
\BOOKMARK [2][-]{subsection.2.3.3}{\376\377\000U\000s\000i\000n\000g\000\040\000I\000n\000t\000e\000r\000-\000P\000r\000o\000c\000e\000s\000s\000\040\000C\000o\000m\000m\000u\000n\000i\000c\000a\000t\000i\000o\000n\000\040\000I\000n\000s\000t\000e\000a\000d}{section.2.3}% 23
\BOOKMARK [0][-]{chapter.3}{\376\377\000R\000E\000S\000U\000L\000T\000S}{}% 24
\BOOKMARK [0][-]{chapter.4}{\376\377\000C\000O\000N\000C\000L\000U\000S\000I\000O\000N}{}% 25
\BOOKMARK [1][-]{section.4.1}{\376\377\000F\000u\000t\000u\000r\000e\000\040\000w\000o\000r\000k}{chapter.4}% 26
\BOOKMARK [0][-]{section.4.1}{\376\377\000B\000I\000B\000L\000I\000O\000G\000R\000A\000P\000H\000Y}{}% 27
